current directory: /Users/kouki/rails_tutorial/vender/bundle/ruby/3.2.0/gems/puma-5.6.4/ext/puma_http11
/Users/kouki/.rbenv/versions/3.2.2/bin/ruby extconf.rb
using OpenSSL pkgconfig (openssl.pc)
checking for openssl/bio.h... yes
checking for DTLS_method() in openssl/ssl.h... yes
checking for TLS_server_method() in openssl/ssl.h... yes
checking for SSL_CTX_set_min_proto_version(NULL, 0) in openssl/ssl.h... yes
checking for X509_STORE_up_ref()... yes
checking for SSL_CTX_set_ecdh_auto(NULL, 0) in openssl/ssl.h... yes
checking for SSL_get1_peer_certificate() in openssl/ssl.h... yes
checking for Random.bytes... yes
creating Makefile

current directory: /Users/kouki/rails_tutorial/vender/bundle/ruby/3.2.0/gems/puma-5.6.4/ext/puma_http11
make DESTDIR\= sitearchdir\=./.gem.20230622-6956-levw3m sitelibdir\=./.gem.20230622-6956-levw3m clean

current directory: /Users/kouki/rails_tutorial/vender/bundle/ruby/3.2.0/gems/puma-5.6.4/ext/puma_http11
make DESTDIR\= sitearchdir\=./.gem.20230622-6956-levw3m sitelibdir\=./.gem.20230622-6956-levw3m
compiling http11_parser.c
compiling mini_ssl.c
compiling puma_http11.c
linking shared-object puma/puma_http11.bundle

current directory: /Users/kouki/rails_tutorial/vender/bundle/ruby/3.2.0/gems/puma-5.6.4/ext/puma_http11
make DESTDIR\= sitearchdir\=./.gem.20230622-6956-levw3m sitelibdir\=./.gem.20230622-6956-levw3m install
/usr/bin/install -c -m 0755 puma_http11.bundle ./.gem.20230622-6956-levw3m/puma

current directory: /Users/kouki/rails_tutorial/vender/bundle/ruby/3.2.0/gems/puma-5.6.4/ext/puma_http11
make DESTDIR\= sitearchdir\=./.gem.20230622-6956-levw3m sitelibdir\=./.gem.20230622-6956-levw3m clean
